<?xml version="1.0" encoding="UTF-8"?>
<testng-results ignored="2" total="4" passed="2" failed="0" skipped="0">
  <reporter-output>
  </reporter-output>
  <suite started-at="2025-05-03T18:38:41 IST" name="Grid Suite" finished-at="2025-05-03T18:39:14 IST" duration-ms="32994">
    <groups>
    </groups>
    <test started-at="2025-05-03T18:38:41 IST" name="Windows-Chrome" finished-at="2025-05-03T18:38:56 IST" duration-ms="15212">
      <class name="LoginTest">
        <test-method signature="googleSearch(java.lang.String,java.lang.String,java.lang.String)[pri:0, instance:LoginTest@1c93084c]" started-at="2025-05-03T18:38:41 IST" name="googleSearch" finished-at="2025-05-03T18:38:56 IST" duration-ms="15142" status="PASS">
          <params>
            <param index="0">
              <value>
                <![CDATA[WINDOWS]]>
              </value>
            </param>
            <param index="1">
              <value>
                <![CDATA[chrome]]>
              </value>
            </param>
            <param index="2">
              <value>
                <![CDATA[http://192.168.100.7:4444/wd/hub]]>
              </value>
            </param>
          </params>
          <reporter-output>
          </reporter-output>
        </test-method> <!-- googleSearch -->
      </class> <!-- LoginTest -->
    </test> <!-- Windows-Chrome -->
    <test started-at="2025-05-03T18:38:41 IST" name="macOS-Chrome" finished-at="2025-05-03T18:39:14 IST" duration-ms="32994">
      <class name="LoginTest">
        <test-method signature="clickOnGmail(java.lang.String,java.lang.String,java.lang.String)[pri:0, instance:LoginTest@243c4f91]" started-at="2025-05-03T18:38:41 IST" name="clickOnGmail" finished-at="2025-05-03T18:39:14 IST" duration-ms="32933" status="PASS">
          <params>
            <param index="0">
              <value>
                <![CDATA[MAC]]>
              </value>
            </param>
            <param index="1">
              <value>
                <![CDATA[chrome]]>
              </value>
            </param>
            <param index="2">
              <value>
                <![CDATA[http://192.168.100.7:4444/wd/hub]]>
              </value>
            </param>
          </params>
          <reporter-output>
          </reporter-output>
        </test-method> <!-- clickOnGmail -->
      </class> <!-- LoginTest -->
    </test> <!-- macOS-Chrome -->
  </suite> <!-- Grid Suite -->
</testng-results>
